2023-06-11 13:43:07,361 INFO app MainThread : DEBUG       = True
2023-06-11 13:43:07,361 INFO app MainThread : Environment = Debug
2023-06-11 13:43:07,361 INFO app MainThread : DBMS        = sqlite:////Users/kapo/PycharmProjects/eduplanner/app/db.sqlite3?check_same_thread=False
2023-06-11 13:43:07,363 INFO werkzeug MainThread : [31m[1mWARNING: This is a development server. Do not use it in a production deployment. Use a production WSGI server instead.[0m
 * Running on http://127.0.0.1:5000
2023-06-11 13:43:07,363 INFO werkzeug MainThread : [33mPress CTRL+C to quit[0m
2023-06-11 13:43:21,803 INFO werkzeug Thread-1 (process_request_thread) : 127.0.0.1 - - [11/Jun/2023 13:43:21] "[32mGET / HTTP/1.1[0m" 302 -
2023-06-11 13:43:21,811 ERROR app Thread-2 (process_request_thread) : Exception on /login [GET]
Traceback (most recent call last):
  File "/Users/kapo/PycharmProjects/eduplanner/venv/lib/python3.10/site-packages/flask/app.py", line 2529, in wsgi_app
    response = self.full_dispatch_request()
  File "/Users/kapo/PycharmProjects/eduplanner/venv/lib/python3.10/site-packages/flask/app.py", line 1825, in full_dispatch_request
    rv = self.handle_user_exception(e)
  File "/Users/kapo/PycharmProjects/eduplanner/venv/lib/python3.10/site-packages/flask/app.py", line 1823, in full_dispatch_request
    rv = self.dispatch_request()
  File "/Users/kapo/PycharmProjects/eduplanner/venv/lib/python3.10/site-packages/flask/app.py", line 1799, in dispatch_request
    return self.ensure_sync(self.view_functions[rule.endpoint])(**view_args)
  File "/Users/kapo/PycharmProjects/eduplanner/app/authentication/routes.py", line 54, in login
    return render_template('accounts/login.html',
  File "/Users/kapo/PycharmProjects/eduplanner/venv/lib/python3.10/site-packages/flask/templating.py", line 146, in render_template
    template = app.jinja_env.get_or_select_template(template_name_or_list)
  File "/Users/kapo/PycharmProjects/eduplanner/venv/lib/python3.10/site-packages/jinja2/environment.py", line 1081, in get_or_select_template
    return self.get_template(template_name_or_list, parent, globals)
  File "/Users/kapo/PycharmProjects/eduplanner/venv/lib/python3.10/site-packages/jinja2/environment.py", line 1010, in get_template
    return self._load_template(name, globals)
  File "/Users/kapo/PycharmProjects/eduplanner/venv/lib/python3.10/site-packages/jinja2/environment.py", line 969, in _load_template
    template = self.loader.load(self, name, self.make_globals(globals))
  File "/Users/kapo/PycharmProjects/eduplanner/venv/lib/python3.10/site-packages/jinja2/loaders.py", line 126, in load
    source, filename, uptodate = self.get_source(environment, name)
  File "/Users/kapo/PycharmProjects/eduplanner/venv/lib/python3.10/site-packages/flask/templating.py", line 62, in get_source
    return self._get_source_fast(environment, template)
  File "/Users/kapo/PycharmProjects/eduplanner/venv/lib/python3.10/site-packages/flask/templating.py", line 98, in _get_source_fast
    raise TemplateNotFound(template)
jinja2.exceptions.TemplateNotFound: accounts/login.html
2023-06-11 13:43:21,814 INFO werkzeug Thread-2 (process_request_thread) : 127.0.0.1 - - [11/Jun/2023 13:43:21] "[35m[1mGET /login HTTP/1.1[0m" 500 -
2023-06-11 13:43:21,820 ERROR werkzeug Thread-2 (process_request_thread) : Error on request:
Traceback (most recent call last):
  File "/Users/kapo/PycharmProjects/eduplanner/venv/lib/python3.10/site-packages/flask/app.py", line 2529, in wsgi_app
    response = self.full_dispatch_request()
  File "/Users/kapo/PycharmProjects/eduplanner/venv/lib/python3.10/site-packages/flask/app.py", line 1825, in full_dispatch_request
    rv = self.handle_user_exception(e)
  File "/Users/kapo/PycharmProjects/eduplanner/venv/lib/python3.10/site-packages/flask/app.py", line 1823, in full_dispatch_request
    rv = self.dispatch_request()
  File "/Users/kapo/PycharmProjects/eduplanner/venv/lib/python3.10/site-packages/flask/app.py", line 1799, in dispatch_request
    return self.ensure_sync(self.view_functions[rule.endpoint])(**view_args)
  File "/Users/kapo/PycharmProjects/eduplanner/app/authentication/routes.py", line 54, in login
    return render_template('accounts/login.html',
  File "/Users/kapo/PycharmProjects/eduplanner/venv/lib/python3.10/site-packages/flask/templating.py", line 146, in render_template
    template = app.jinja_env.get_or_select_template(template_name_or_list)
  File "/Users/kapo/PycharmProjects/eduplanner/venv/lib/python3.10/site-packages/jinja2/environment.py", line 1081, in get_or_select_template
    return self.get_template(template_name_or_list, parent, globals)
  File "/Users/kapo/PycharmProjects/eduplanner/venv/lib/python3.10/site-packages/jinja2/environment.py", line 1010, in get_template
    return self._load_template(name, globals)
  File "/Users/kapo/PycharmProjects/eduplanner/venv/lib/python3.10/site-packages/jinja2/environment.py", line 969, in _load_template
    template = self.loader.load(self, name, self.make_globals(globals))
  File "/Users/kapo/PycharmProjects/eduplanner/venv/lib/python3.10/site-packages/jinja2/loaders.py", line 126, in load
    source, filename, uptodate = self.get_source(environment, name)
  File "/Users/kapo/PycharmProjects/eduplanner/venv/lib/python3.10/site-packages/flask/templating.py", line 62, in get_source
    return self._get_source_fast(environment, template)
  File "/Users/kapo/PycharmProjects/eduplanner/venv/lib/python3.10/site-packages/flask/templating.py", line 98, in _get_source_fast
    raise TemplateNotFound(template)
jinja2.exceptions.TemplateNotFound: accounts/login.html

During handling of the above exception, another exception occurred:

Traceback (most recent call last):
  File "/Users/kapo/PycharmProjects/eduplanner/venv/lib/python3.10/site-packages/werkzeug/serving.py", line 364, in run_wsgi
    execute(self.server.app)
  File "/Users/kapo/PycharmProjects/eduplanner/venv/lib/python3.10/site-packages/werkzeug/serving.py", line 325, in execute
    application_iter = app(environ, start_response)
  File "/Users/kapo/PycharmProjects/eduplanner/venv/lib/python3.10/site-packages/flask/app.py", line 2552, in __call__
    return self.wsgi_app(environ, start_response)
  File "/Users/kapo/PycharmProjects/eduplanner/venv/lib/python3.10/site-packages/flask/app.py", line 2532, in wsgi_app
    response = self.handle_exception(e)
  File "/Users/kapo/PycharmProjects/eduplanner/venv/lib/python3.10/site-packages/flask/app.py", line 1727, in handle_exception
    server_error = self.ensure_sync(handler)(server_error)
  File "/Users/kapo/PycharmProjects/eduplanner/app/authentication/routes.py", line 123, in internal_error
    return render_template('page-500.html'), 500
  File "/Users/kapo/PycharmProjects/eduplanner/venv/lib/python3.10/site-packages/flask/templating.py", line 146, in render_template
    template = app.jinja_env.get_or_select_template(template_name_or_list)
  File "/Users/kapo/PycharmProjects/eduplanner/venv/lib/python3.10/site-packages/jinja2/environment.py", line 1081, in get_or_select_template
    return self.get_template(template_name_or_list, parent, globals)
  File "/Users/kapo/PycharmProjects/eduplanner/venv/lib/python3.10/site-packages/jinja2/environment.py", line 1010, in get_template
    return self._load_template(name, globals)
  File "/Users/kapo/PycharmProjects/eduplanner/venv/lib/python3.10/site-packages/jinja2/environment.py", line 969, in _load_template
    template = self.loader.load(self, name, self.make_globals(globals))
  File "/Users/kapo/PycharmProjects/eduplanner/venv/lib/python3.10/site-packages/jinja2/loaders.py", line 126, in load
    source, filename, uptodate = self.get_source(environment, name)
  File "/Users/kapo/PycharmProjects/eduplanner/venv/lib/python3.10/site-packages/flask/templating.py", line 62, in get_source
    return self._get_source_fast(environment, template)
  File "/Users/kapo/PycharmProjects/eduplanner/venv/lib/python3.10/site-packages/flask/templating.py", line 98, in _get_source_fast
    raise TemplateNotFound(template)
jinja2.exceptions.TemplateNotFound: page-500.html
2023-06-11 13:43:21,867 ERROR app Thread-3 (process_request_thread) : Exception on /favicon.ico [GET]
Traceback (most recent call last):
  File "/Users/kapo/PycharmProjects/eduplanner/venv/lib/python3.10/site-packages/flask/app.py", line 2529, in wsgi_app
    response = self.full_dispatch_request()
  File "/Users/kapo/PycharmProjects/eduplanner/venv/lib/python3.10/site-packages/flask/app.py", line 1825, in full_dispatch_request
    rv = self.handle_user_exception(e)
  File "/Users/kapo/PycharmProjects/eduplanner/venv/lib/python3.10/site-packages/flask/app.py", line 1823, in full_dispatch_request
    rv = self.dispatch_request()
  File "/Users/kapo/PycharmProjects/eduplanner/venv/lib/python3.10/site-packages/flask/app.py", line 1799, in dispatch_request
    return self.ensure_sync(self.view_functions[rule.endpoint])(**view_args)
  File "/Users/kapo/PycharmProjects/eduplanner/venv/lib/python3.10/site-packages/flask_login/utils.py", line 285, in decorated_view
    return current_app.login_manager.unauthorized()
  File "/Users/kapo/PycharmProjects/eduplanner/venv/lib/python3.10/site-packages/flask_login/login_manager.py", line 170, in unauthorized
    return self.unauthorized_callback()
  File "/Users/kapo/PycharmProjects/eduplanner/app/base/routes.py", line 70, in unauthorized_handler
    return render_template('page-403.html', error="Access Forbidden - Please authenticate using Login page", segment='error'), 403
  File "/Users/kapo/PycharmProjects/eduplanner/venv/lib/python3.10/site-packages/flask/templating.py", line 146, in render_template
    template = app.jinja_env.get_or_select_template(template_name_or_list)
  File "/Users/kapo/PycharmProjects/eduplanner/venv/lib/python3.10/site-packages/jinja2/environment.py", line 1081, in get_or_select_template
    return self.get_template(template_name_or_list, parent, globals)
  File "/Users/kapo/PycharmProjects/eduplanner/venv/lib/python3.10/site-packages/jinja2/environment.py", line 1010, in get_template
    return self._load_template(name, globals)
  File "/Users/kapo/PycharmProjects/eduplanner/venv/lib/python3.10/site-packages/jinja2/environment.py", line 969, in _load_template
    template = self.loader.load(self, name, self.make_globals(globals))
  File "/Users/kapo/PycharmProjects/eduplanner/venv/lib/python3.10/site-packages/jinja2/loaders.py", line 126, in load
    source, filename, uptodate = self.get_source(environment, name)
  File "/Users/kapo/PycharmProjects/eduplanner/venv/lib/python3.10/site-packages/flask/templating.py", line 62, in get_source
    return self._get_source_fast(environment, template)
  File "/Users/kapo/PycharmProjects/eduplanner/venv/lib/python3.10/site-packages/flask/templating.py", line 98, in _get_source_fast
    raise TemplateNotFound(template)
jinja2.exceptions.TemplateNotFound: page-403.html
2023-06-11 13:43:21,870 INFO werkzeug Thread-3 (process_request_thread) : 127.0.0.1 - - [11/Jun/2023 13:43:21] "[35m[1mGET /favicon.ico HTTP/1.1[0m" 500 -
2023-06-11 13:43:21,871 ERROR werkzeug Thread-3 (process_request_thread) : Error on request:
Traceback (most recent call last):
  File "/Users/kapo/PycharmProjects/eduplanner/venv/lib/python3.10/site-packages/flask/app.py", line 2529, in wsgi_app
    response = self.full_dispatch_request()
  File "/Users/kapo/PycharmProjects/eduplanner/venv/lib/python3.10/site-packages/flask/app.py", line 1825, in full_dispatch_request
    rv = self.handle_user_exception(e)
  File "/Users/kapo/PycharmProjects/eduplanner/venv/lib/python3.10/site-packages/flask/app.py", line 1823, in full_dispatch_request
    rv = self.dispatch_request()
  File "/Users/kapo/PycharmProjects/eduplanner/venv/lib/python3.10/site-packages/flask/app.py", line 1799, in dispatch_request
    return self.ensure_sync(self.view_functions[rule.endpoint])(**view_args)
  File "/Users/kapo/PycharmProjects/eduplanner/venv/lib/python3.10/site-packages/flask_login/utils.py", line 285, in decorated_view
    return current_app.login_manager.unauthorized()
  File "/Users/kapo/PycharmProjects/eduplanner/venv/lib/python3.10/site-packages/flask_login/login_manager.py", line 170, in unauthorized
    return self.unauthorized_callback()
  File "/Users/kapo/PycharmProjects/eduplanner/app/base/routes.py", line 70, in unauthorized_handler
    return render_template('page-403.html', error="Access Forbidden - Please authenticate using Login page", segment='error'), 403
  File "/Users/kapo/PycharmProjects/eduplanner/venv/lib/python3.10/site-packages/flask/templating.py", line 146, in render_template
    template = app.jinja_env.get_or_select_template(template_name_or_list)
  File "/Users/kapo/PycharmProjects/eduplanner/venv/lib/python3.10/site-packages/jinja2/environment.py", line 1081, in get_or_select_template
    return self.get_template(template_name_or_list, parent, globals)
  File "/Users/kapo/PycharmProjects/eduplanner/venv/lib/python3.10/site-packages/jinja2/environment.py", line 1010, in get_template
    return self._load_template(name, globals)
  File "/Users/kapo/PycharmProjects/eduplanner/venv/lib/python3.10/site-packages/jinja2/environment.py", line 969, in _load_template
    template = self.loader.load(self, name, self.make_globals(globals))
  File "/Users/kapo/PycharmProjects/eduplanner/venv/lib/python3.10/site-packages/jinja2/loaders.py", line 126, in load
    source, filename, uptodate = self.get_source(environment, name)
  File "/Users/kapo/PycharmProjects/eduplanner/venv/lib/python3.10/site-packages/flask/templating.py", line 62, in get_source
    return self._get_source_fast(environment, template)
  File "/Users/kapo/PycharmProjects/eduplanner/venv/lib/python3.10/site-packages/flask/templating.py", line 98, in _get_source_fast
    raise TemplateNotFound(template)
jinja2.exceptions.TemplateNotFound: page-403.html

During handling of the above exception, another exception occurred:

Traceback (most recent call last):
  File "/Users/kapo/PycharmProjects/eduplanner/venv/lib/python3.10/site-packages/werkzeug/serving.py", line 364, in run_wsgi
    execute(self.server.app)
  File "/Users/kapo/PycharmProjects/eduplanner/venv/lib/python3.10/site-packages/werkzeug/serving.py", line 325, in execute
    application_iter = app(environ, start_response)
  File "/Users/kapo/PycharmProjects/eduplanner/venv/lib/python3.10/site-packages/flask/app.py", line 2552, in __call__
    return self.wsgi_app(environ, start_response)
  File "/Users/kapo/PycharmProjects/eduplanner/venv/lib/python3.10/site-packages/flask/app.py", line 2532, in wsgi_app
    response = self.handle_exception(e)
  File "/Users/kapo/PycharmProjects/eduplanner/venv/lib/python3.10/site-packages/flask/app.py", line 1727, in handle_exception
    server_error = self.ensure_sync(handler)(server_error)
  File "/Users/kapo/PycharmProjects/eduplanner/app/base/routes.py", line 83, in internal_error
    return render_template(('page-500.html'), error=error, traceback=tb, segment='error'), 500
  File "/Users/kapo/PycharmProjects/eduplanner/venv/lib/python3.10/site-packages/flask/templating.py", line 146, in render_template
    template = app.jinja_env.get_or_select_template(template_name_or_list)
  File "/Users/kapo/PycharmProjects/eduplanner/venv/lib/python3.10/site-packages/jinja2/environment.py", line 1081, in get_or_select_template
    return self.get_template(template_name_or_list, parent, globals)
  File "/Users/kapo/PycharmProjects/eduplanner/venv/lib/python3.10/site-packages/jinja2/environment.py", line 1010, in get_template
    return self._load_template(name, globals)
  File "/Users/kapo/PycharmProjects/eduplanner/venv/lib/python3.10/site-packages/jinja2/environment.py", line 969, in _load_template
    template = self.loader.load(self, name, self.make_globals(globals))
  File "/Users/kapo/PycharmProjects/eduplanner/venv/lib/python3.10/site-packages/jinja2/loaders.py", line 126, in load
    source, filename, uptodate = self.get_source(environment, name)
  File "/Users/kapo/PycharmProjects/eduplanner/venv/lib/python3.10/site-packages/flask/templating.py", line 62, in get_source
    return self._get_source_fast(environment, template)
  File "/Users/kapo/PycharmProjects/eduplanner/venv/lib/python3.10/site-packages/flask/templating.py", line 98, in _get_source_fast
    raise TemplateNotFound(template)
jinja2.exceptions.TemplateNotFound: page-500.html
2023-06-11 13:43:55,623 ERROR app Thread-4 (process_request_thread) : Exception on /login [GET]
Traceback (most recent call last):
  File "/Users/kapo/PycharmProjects/eduplanner/venv/lib/python3.10/site-packages/flask/app.py", line 2529, in wsgi_app
    response = self.full_dispatch_request()
  File "/Users/kapo/PycharmProjects/eduplanner/venv/lib/python3.10/site-packages/flask/app.py", line 1825, in full_dispatch_request
    rv = self.handle_user_exception(e)
  File "/Users/kapo/PycharmProjects/eduplanner/venv/lib/python3.10/site-packages/flask/app.py", line 1823, in full_dispatch_request
    rv = self.dispatch_request()
  File "/Users/kapo/PycharmProjects/eduplanner/venv/lib/python3.10/site-packages/flask/app.py", line 1799, in dispatch_request
    return self.ensure_sync(self.view_functions[rule.endpoint])(**view_args)
  File "/Users/kapo/PycharmProjects/eduplanner/app/authentication/routes.py", line 54, in login
    return render_template('accounts/login.html',
  File "/Users/kapo/PycharmProjects/eduplanner/venv/lib/python3.10/site-packages/flask/templating.py", line 146, in render_template
    template = app.jinja_env.get_or_select_template(template_name_or_list)
  File "/Users/kapo/PycharmProjects/eduplanner/venv/lib/python3.10/site-packages/jinja2/environment.py", line 1081, in get_or_select_template
    return self.get_template(template_name_or_list, parent, globals)
  File "/Users/kapo/PycharmProjects/eduplanner/venv/lib/python3.10/site-packages/jinja2/environment.py", line 1010, in get_template
    return self._load_template(name, globals)
  File "/Users/kapo/PycharmProjects/eduplanner/venv/lib/python3.10/site-packages/jinja2/environment.py", line 969, in _load_template
    template = self.loader.load(self, name, self.make_globals(globals))
  File "/Users/kapo/PycharmProjects/eduplanner/venv/lib/python3.10/site-packages/jinja2/loaders.py", line 126, in load
    source, filename, uptodate = self.get_source(environment, name)
  File "/Users/kapo/PycharmProjects/eduplanner/venv/lib/python3.10/site-packages/flask/templating.py", line 62, in get_source
    return self._get_source_fast(environment, template)
  File "/Users/kapo/PycharmProjects/eduplanner/venv/lib/python3.10/site-packages/flask/templating.py", line 98, in _get_source_fast
    raise TemplateNotFound(template)
jinja2.exceptions.TemplateNotFound: accounts/login.html
2023-06-11 13:43:55,625 INFO werkzeug Thread-4 (process_request_thread) : 127.0.0.1 - - [11/Jun/2023 13:43:55] "[35m[1mGET /login HTTP/1.1[0m" 500 -
2023-06-11 13:43:55,627 ERROR werkzeug Thread-4 (process_request_thread) : Error on request:
Traceback (most recent call last):
  File "/Users/kapo/PycharmProjects/eduplanner/venv/lib/python3.10/site-packages/flask/app.py", line 2529, in wsgi_app
    response = self.full_dispatch_request()
  File "/Users/kapo/PycharmProjects/eduplanner/venv/lib/python3.10/site-packages/flask/app.py", line 1825, in full_dispatch_request
    rv = self.handle_user_exception(e)
  File "/Users/kapo/PycharmProjects/eduplanner/venv/lib/python3.10/site-packages/flask/app.py", line 1823, in full_dispatch_request
    rv = self.dispatch_request()
  File "/Users/kapo/PycharmProjects/eduplanner/venv/lib/python3.10/site-packages/flask/app.py", line 1799, in dispatch_request
    return self.ensure_sync(self.view_functions[rule.endpoint])(**view_args)
  File "/Users/kapo/PycharmProjects/eduplanner/app/authentication/routes.py", line 54, in login
    return render_template('accounts/login.html',
  File "/Users/kapo/PycharmProjects/eduplanner/venv/lib/python3.10/site-packages/flask/templating.py", line 146, in render_template
    template = app.jinja_env.get_or_select_template(template_name_or_list)
  File "/Users/kapo/PycharmProjects/eduplanner/venv/lib/python3.10/site-packages/jinja2/environment.py", line 1081, in get_or_select_template
    return self.get_template(template_name_or_list, parent, globals)
  File "/Users/kapo/PycharmProjects/eduplanner/venv/lib/python3.10/site-packages/jinja2/environment.py", line 1010, in get_template
    return self._load_template(name, globals)
  File "/Users/kapo/PycharmProjects/eduplanner/venv/lib/python3.10/site-packages/jinja2/environment.py", line 969, in _load_template
    template = self.loader.load(self, name, self.make_globals(globals))
  File "/Users/kapo/PycharmProjects/eduplanner/venv/lib/python3.10/site-packages/jinja2/loaders.py", line 126, in load
    source, filename, uptodate = self.get_source(environment, name)
  File "/Users/kapo/PycharmProjects/eduplanner/venv/lib/python3.10/site-packages/flask/templating.py", line 62, in get_source
    return self._get_source_fast(environment, template)
  File "/Users/kapo/PycharmProjects/eduplanner/venv/lib/python3.10/site-packages/flask/templating.py", line 98, in _get_source_fast
    raise TemplateNotFound(template)
jinja2.exceptions.TemplateNotFound: accounts/login.html

During handling of the above exception, another exception occurred:

Traceback (most recent call last):
  File "/Users/kapo/PycharmProjects/eduplanner/venv/lib/python3.10/site-packages/werkzeug/serving.py", line 364, in run_wsgi
    execute(self.server.app)
  File "/Users/kapo/PycharmProjects/eduplanner/venv/lib/python3.10/site-packages/werkzeug/serving.py", line 325, in execute
    application_iter = app(environ, start_response)
  File "/Users/kapo/PycharmProjects/eduplanner/venv/lib/python3.10/site-packages/flask/app.py", line 2552, in __call__
    return self.wsgi_app(environ, start_response)
  File "/Users/kapo/PycharmProjects/eduplanner/venv/lib/python3.10/site-packages/flask/app.py", line 2532, in wsgi_app
    response = self.handle_exception(e)
  File "/Users/kapo/PycharmProjects/eduplanner/venv/lib/python3.10/site-packages/flask/app.py", line 1727, in handle_exception
    server_error = self.ensure_sync(handler)(server_error)
  File "/Users/kapo/PycharmProjects/eduplanner/app/authentication/routes.py", line 123, in internal_error
    return render_template('page-500.html'), 500
  File "/Users/kapo/PycharmProjects/eduplanner/venv/lib/python3.10/site-packages/flask/templating.py", line 146, in render_template
    template = app.jinja_env.get_or_select_template(template_name_or_list)
  File "/Users/kapo/PycharmProjects/eduplanner/venv/lib/python3.10/site-packages/jinja2/environment.py", line 1081, in get_or_select_template
    return self.get_template(template_name_or_list, parent, globals)
  File "/Users/kapo/PycharmProjects/eduplanner/venv/lib/python3.10/site-packages/jinja2/environment.py", line 1010, in get_template
    return self._load_template(name, globals)
  File "/Users/kapo/PycharmProjects/eduplanner/venv/lib/python3.10/site-packages/jinja2/environment.py", line 969, in _load_template
    template = self.loader.load(self, name, self.make_globals(globals))
  File "/Users/kapo/PycharmProjects/eduplanner/venv/lib/python3.10/site-packages/jinja2/loaders.py", line 126, in load
    source, filename, uptodate = self.get_source(environment, name)
  File "/Users/kapo/PycharmProjects/eduplanner/venv/lib/python3.10/site-packages/flask/templating.py", line 62, in get_source
    return self._get_source_fast(environment, template)
  File "/Users/kapo/PycharmProjects/eduplanner/venv/lib/python3.10/site-packages/flask/templating.py", line 98, in _get_source_fast
    raise TemplateNotFound(template)
jinja2.exceptions.TemplateNotFound: page-500.html
2023-06-11 13:43:55,667 ERROR app Thread-5 (process_request_thread) : Exception on /favicon.ico [GET]
Traceback (most recent call last):
  File "/Users/kapo/PycharmProjects/eduplanner/venv/lib/python3.10/site-packages/flask/app.py", line 2529, in wsgi_app
    response = self.full_dispatch_request()
  File "/Users/kapo/PycharmProjects/eduplanner/venv/lib/python3.10/site-packages/flask/app.py", line 1825, in full_dispatch_request
    rv = self.handle_user_exception(e)
  File "/Users/kapo/PycharmProjects/eduplanner/venv/lib/python3.10/site-packages/flask/app.py", line 1823, in full_dispatch_request
    rv = self.dispatch_request()
  File "/Users/kapo/PycharmProjects/eduplanner/venv/lib/python3.10/site-packages/flask/app.py", line 1799, in dispatch_request
    return self.ensure_sync(self.view_functions[rule.endpoint])(**view_args)
  File "/Users/kapo/PycharmProjects/eduplanner/venv/lib/python3.10/site-packages/flask_login/utils.py", line 285, in decorated_view
    return current_app.login_manager.unauthorized()
  File "/Users/kapo/PycharmProjects/eduplanner/venv/lib/python3.10/site-packages/flask_login/login_manager.py", line 170, in unauthorized
    return self.unauthorized_callback()
  File "/Users/kapo/PycharmProjects/eduplanner/app/base/routes.py", line 70, in unauthorized_handler
    return render_template('page-403.html', error="Access Forbidden - Please authenticate using Login page", segment='error'), 403
  File "/Users/kapo/PycharmProjects/eduplanner/venv/lib/python3.10/site-packages/flask/templating.py", line 146, in render_template
    template = app.jinja_env.get_or_select_template(template_name_or_list)
  File "/Users/kapo/PycharmProjects/eduplanner/venv/lib/python3.10/site-packages/jinja2/environment.py", line 1081, in get_or_select_template
    return self.get_template(template_name_or_list, parent, globals)
  File "/Users/kapo/PycharmProjects/eduplanner/venv/lib/python3.10/site-packages/jinja2/environment.py", line 1010, in get_template
    return self._load_template(name, globals)
  File "/Users/kapo/PycharmProjects/eduplanner/venv/lib/python3.10/site-packages/jinja2/environment.py", line 969, in _load_template
    template = self.loader.load(self, name, self.make_globals(globals))
  File "/Users/kapo/PycharmProjects/eduplanner/venv/lib/python3.10/site-packages/jinja2/loaders.py", line 126, in load
    source, filename, uptodate = self.get_source(environment, name)
  File "/Users/kapo/PycharmProjects/eduplanner/venv/lib/python3.10/site-packages/flask/templating.py", line 62, in get_source
    return self._get_source_fast(environment, template)
  File "/Users/kapo/PycharmProjects/eduplanner/venv/lib/python3.10/site-packages/flask/templating.py", line 98, in _get_source_fast
    raise TemplateNotFound(template)
jinja2.exceptions.TemplateNotFound: page-403.html
2023-06-11 13:43:55,670 INFO werkzeug Thread-5 (process_request_thread) : 127.0.0.1 - - [11/Jun/2023 13:43:55] "[35m[1mGET /favicon.ico HTTP/1.1[0m" 500 -
2023-06-11 13:43:55,671 ERROR werkzeug Thread-5 (process_request_thread) : Error on request:
Traceback (most recent call last):
  File "/Users/kapo/PycharmProjects/eduplanner/venv/lib/python3.10/site-packages/flask/app.py", line 2529, in wsgi_app
    response = self.full_dispatch_request()
  File "/Users/kapo/PycharmProjects/eduplanner/venv/lib/python3.10/site-packages/flask/app.py", line 1825, in full_dispatch_request
    rv = self.handle_user_exception(e)
  File "/Users/kapo/PycharmProjects/eduplanner/venv/lib/python3.10/site-packages/flask/app.py", line 1823, in full_dispatch_request
    rv = self.dispatch_request()
  File "/Users/kapo/PycharmProjects/eduplanner/venv/lib/python3.10/site-packages/flask/app.py", line 1799, in dispatch_request
    return self.ensure_sync(self.view_functions[rule.endpoint])(**view_args)
  File "/Users/kapo/PycharmProjects/eduplanner/venv/lib/python3.10/site-packages/flask_login/utils.py", line 285, in decorated_view
    return current_app.login_manager.unauthorized()
  File "/Users/kapo/PycharmProjects/eduplanner/venv/lib/python3.10/site-packages/flask_login/login_manager.py", line 170, in unauthorized
    return self.unauthorized_callback()
  File "/Users/kapo/PycharmProjects/eduplanner/app/base/routes.py", line 70, in unauthorized_handler
    return render_template('page-403.html', error="Access Forbidden - Please authenticate using Login page", segment='error'), 403
  File "/Users/kapo/PycharmProjects/eduplanner/venv/lib/python3.10/site-packages/flask/templating.py", line 146, in render_template
    template = app.jinja_env.get_or_select_template(template_name_or_list)
  File "/Users/kapo/PycharmProjects/eduplanner/venv/lib/python3.10/site-packages/jinja2/environment.py", line 1081, in get_or_select_template
    return self.get_template(template_name_or_list, parent, globals)
  File "/Users/kapo/PycharmProjects/eduplanner/venv/lib/python3.10/site-packages/jinja2/environment.py", line 1010, in get_template
    return self._load_template(name, globals)
  File "/Users/kapo/PycharmProjects/eduplanner/venv/lib/python3.10/site-packages/jinja2/environment.py", line 969, in _load_template
    template = self.loader.load(self, name, self.make_globals(globals))
  File "/Users/kapo/PycharmProjects/eduplanner/venv/lib/python3.10/site-packages/jinja2/loaders.py", line 126, in load
    source, filename, uptodate = self.get_source(environment, name)
  File "/Users/kapo/PycharmProjects/eduplanner/venv/lib/python3.10/site-packages/flask/templating.py", line 62, in get_source
    return self._get_source_fast(environment, template)
  File "/Users/kapo/PycharmProjects/eduplanner/venv/lib/python3.10/site-packages/flask/templating.py", line 98, in _get_source_fast
    raise TemplateNotFound(template)
jinja2.exceptions.TemplateNotFound: page-403.html

During handling of the above exception, another exception occurred:

Traceback (most recent call last):
  File "/Users/kapo/PycharmProjects/eduplanner/venv/lib/python3.10/site-packages/werkzeug/serving.py", line 364, in run_wsgi
    execute(self.server.app)
  File "/Users/kapo/PycharmProjects/eduplanner/venv/lib/python3.10/site-packages/werkzeug/serving.py", line 325, in execute
    application_iter = app(environ, start_response)
  File "/Users/kapo/PycharmProjects/eduplanner/venv/lib/python3.10/site-packages/flask/app.py", line 2552, in __call__
    return self.wsgi_app(environ, start_response)
  File "/Users/kapo/PycharmProjects/eduplanner/venv/lib/python3.10/site-packages/flask/app.py", line 2532, in wsgi_app
    response = self.handle_exception(e)
  File "/Users/kapo/PycharmProjects/eduplanner/venv/lib/python3.10/site-packages/flask/app.py", line 1727, in handle_exception
    server_error = self.ensure_sync(handler)(server_error)
  File "/Users/kapo/PycharmProjects/eduplanner/app/base/routes.py", line 83, in internal_error
    return render_template(('page-500.html'), error=error, traceback=tb, segment='error'), 500
  File "/Users/kapo/PycharmProjects/eduplanner/venv/lib/python3.10/site-packages/flask/templating.py", line 146, in render_template
    template = app.jinja_env.get_or_select_template(template_name_or_list)
  File "/Users/kapo/PycharmProjects/eduplanner/venv/lib/python3.10/site-packages/jinja2/environment.py", line 1081, in get_or_select_template
    return self.get_template(template_name_or_list, parent, globals)
  File "/Users/kapo/PycharmProjects/eduplanner/venv/lib/python3.10/site-packages/jinja2/environment.py", line 1010, in get_template
    return self._load_template(name, globals)
  File "/Users/kapo/PycharmProjects/eduplanner/venv/lib/python3.10/site-packages/jinja2/environment.py", line 969, in _load_template
    template = self.loader.load(self, name, self.make_globals(globals))
  File "/Users/kapo/PycharmProjects/eduplanner/venv/lib/python3.10/site-packages/jinja2/loaders.py", line 126, in load
    source, filename, uptodate = self.get_source(environment, name)
  File "/Users/kapo/PycharmProjects/eduplanner/venv/lib/python3.10/site-packages/flask/templating.py", line 62, in get_source
    return self._get_source_fast(environment, template)
  File "/Users/kapo/PycharmProjects/eduplanner/venv/lib/python3.10/site-packages/flask/templating.py", line 98, in _get_source_fast
    raise TemplateNotFound(template)
jinja2.exceptions.TemplateNotFound: page-500.html
2023-06-11 13:44:55,403 ERROR app Thread-6 (process_request_thread) : Exception on /login [GET]
Traceback (most recent call last):
  File "/Users/kapo/PycharmProjects/eduplanner/venv/lib/python3.10/site-packages/flask/app.py", line 2529, in wsgi_app
    response = self.full_dispatch_request()
  File "/Users/kapo/PycharmProjects/eduplanner/venv/lib/python3.10/site-packages/flask/app.py", line 1825, in full_dispatch_request
    rv = self.handle_user_exception(e)
  File "/Users/kapo/PycharmProjects/eduplanner/venv/lib/python3.10/site-packages/flask/app.py", line 1823, in full_dispatch_request
    rv = self.dispatch_request()
  File "/Users/kapo/PycharmProjects/eduplanner/venv/lib/python3.10/site-packages/flask/app.py", line 1799, in dispatch_request
    return self.ensure_sync(self.view_functions[rule.endpoint])(**view_args)
  File "/Users/kapo/PycharmProjects/eduplanner/app/authentication/routes.py", line 54, in login
    return render_template('accounts/login.html',
  File "/Users/kapo/PycharmProjects/eduplanner/venv/lib/python3.10/site-packages/flask/templating.py", line 146, in render_template
    template = app.jinja_env.get_or_select_template(template_name_or_list)
  File "/Users/kapo/PycharmProjects/eduplanner/venv/lib/python3.10/site-packages/jinja2/environment.py", line 1081, in get_or_select_template
    return self.get_template(template_name_or_list, parent, globals)
  File "/Users/kapo/PycharmProjects/eduplanner/venv/lib/python3.10/site-packages/jinja2/environment.py", line 1010, in get_template
    return self._load_template(name, globals)
  File "/Users/kapo/PycharmProjects/eduplanner/venv/lib/python3.10/site-packages/jinja2/environment.py", line 969, in _load_template
    template = self.loader.load(self, name, self.make_globals(globals))
  File "/Users/kapo/PycharmProjects/eduplanner/venv/lib/python3.10/site-packages/jinja2/loaders.py", line 126, in load
    source, filename, uptodate = self.get_source(environment, name)
  File "/Users/kapo/PycharmProjects/eduplanner/venv/lib/python3.10/site-packages/flask/templating.py", line 62, in get_source
    return self._get_source_fast(environment, template)
  File "/Users/kapo/PycharmProjects/eduplanner/venv/lib/python3.10/site-packages/flask/templating.py", line 98, in _get_source_fast
    raise TemplateNotFound(template)
jinja2.exceptions.TemplateNotFound: accounts/login.html
2023-06-11 13:44:55,405 INFO werkzeug Thread-6 (process_request_thread) : 127.0.0.1 - - [11/Jun/2023 13:44:55] "[35m[1mGET /login HTTP/1.1[0m" 500 -
2023-06-11 13:44:55,407 ERROR werkzeug Thread-6 (process_request_thread) : Error on request:
Traceback (most recent call last):
  File "/Users/kapo/PycharmProjects/eduplanner/venv/lib/python3.10/site-packages/flask/app.py", line 2529, in wsgi_app
    response = self.full_dispatch_request()
  File "/Users/kapo/PycharmProjects/eduplanner/venv/lib/python3.10/site-packages/flask/app.py", line 1825, in full_dispatch_request
    rv = self.handle_user_exception(e)
  File "/Users/kapo/PycharmProjects/eduplanner/venv/lib/python3.10/site-packages/flask/app.py", line 1823, in full_dispatch_request
    rv = self.dispatch_request()
  File "/Users/kapo/PycharmProjects/eduplanner/venv/lib/python3.10/site-packages/flask/app.py", line 1799, in dispatch_request
    return self.ensure_sync(self.view_functions[rule.endpoint])(**view_args)
  File "/Users/kapo/PycharmProjects/eduplanner/app/authentication/routes.py", line 54, in login
    return render_template('accounts/login.html',
  File "/Users/kapo/PycharmProjects/eduplanner/venv/lib/python3.10/site-packages/flask/templating.py", line 146, in render_template
    template = app.jinja_env.get_or_select_template(template_name_or_list)
  File "/Users/kapo/PycharmProjects/eduplanner/venv/lib/python3.10/site-packages/jinja2/environment.py", line 1081, in get_or_select_template
    return self.get_template(template_name_or_list, parent, globals)
  File "/Users/kapo/PycharmProjects/eduplanner/venv/lib/python3.10/site-packages/jinja2/environment.py", line 1010, in get_template
    return self._load_template(name, globals)
  File "/Users/kapo/PycharmProjects/eduplanner/venv/lib/python3.10/site-packages/jinja2/environment.py", line 969, in _load_template
    template = self.loader.load(self, name, self.make_globals(globals))
  File "/Users/kapo/PycharmProjects/eduplanner/venv/lib/python3.10/site-packages/jinja2/loaders.py", line 126, in load
    source, filename, uptodate = self.get_source(environment, name)
  File "/Users/kapo/PycharmProjects/eduplanner/venv/lib/python3.10/site-packages/flask/templating.py", line 62, in get_source
    return self._get_source_fast(environment, template)
  File "/Users/kapo/PycharmProjects/eduplanner/venv/lib/python3.10/site-packages/flask/templating.py", line 98, in _get_source_fast
    raise TemplateNotFound(template)
jinja2.exceptions.TemplateNotFound: accounts/login.html

During handling of the above exception, another exception occurred:

Traceback (most recent call last):
  File "/Users/kapo/PycharmProjects/eduplanner/venv/lib/python3.10/site-packages/werkzeug/serving.py", line 364, in run_wsgi
    execute(self.server.app)
  File "/Users/kapo/PycharmProjects/eduplanner/venv/lib/python3.10/site-packages/werkzeug/serving.py", line 325, in execute
    application_iter = app(environ, start_response)
  File "/Users/kapo/PycharmProjects/eduplanner/venv/lib/python3.10/site-packages/flask/app.py", line 2552, in __call__
    return self.wsgi_app(environ, start_response)
  File "/Users/kapo/PycharmProjects/eduplanner/venv/lib/python3.10/site-packages/flask/app.py", line 2532, in wsgi_app
    response = self.handle_exception(e)
  File "/Users/kapo/PycharmProjects/eduplanner/venv/lib/python3.10/site-packages/flask/app.py", line 1727, in handle_exception
    server_error = self.ensure_sync(handler)(server_error)
  File "/Users/kapo/PycharmProjects/eduplanner/app/authentication/routes.py", line 123, in internal_error
    return render_template('page-500.html'), 500
  File "/Users/kapo/PycharmProjects/eduplanner/venv/lib/python3.10/site-packages/flask/templating.py", line 146, in render_template
    template = app.jinja_env.get_or_select_template(template_name_or_list)
  File "/Users/kapo/PycharmProjects/eduplanner/venv/lib/python3.10/site-packages/jinja2/environment.py", line 1081, in get_or_select_template
    return self.get_template(template_name_or_list, parent, globals)
  File "/Users/kapo/PycharmProjects/eduplanner/venv/lib/python3.10/site-packages/jinja2/environment.py", line 1010, in get_template
    return self._load_template(name, globals)
  File "/Users/kapo/PycharmProjects/eduplanner/venv/lib/python3.10/site-packages/jinja2/environment.py", line 969, in _load_template
    template = self.loader.load(self, name, self.make_globals(globals))
  File "/Users/kapo/PycharmProjects/eduplanner/venv/lib/python3.10/site-packages/jinja2/loaders.py", line 126, in load
    source, filename, uptodate = self.get_source(environment, name)
  File "/Users/kapo/PycharmProjects/eduplanner/venv/lib/python3.10/site-packages/flask/templating.py", line 62, in get_source
    return self._get_source_fast(environment, template)
  File "/Users/kapo/PycharmProjects/eduplanner/venv/lib/python3.10/site-packages/flask/templating.py", line 98, in _get_source_fast
    raise TemplateNotFound(template)
jinja2.exceptions.TemplateNotFound: page-500.html
2023-06-11 13:44:55,446 ERROR app Thread-7 (process_request_thread) : Exception on /favicon.ico [GET]
Traceback (most recent call last):
  File "/Users/kapo/PycharmProjects/eduplanner/venv/lib/python3.10/site-packages/flask/app.py", line 2529, in wsgi_app
    response = self.full_dispatch_request()
  File "/Users/kapo/PycharmProjects/eduplanner/venv/lib/python3.10/site-packages/flask/app.py", line 1825, in full_dispatch_request
    rv = self.handle_user_exception(e)
  File "/Users/kapo/PycharmProjects/eduplanner/venv/lib/python3.10/site-packages/flask/app.py", line 1823, in full_dispatch_request
    rv = self.dispatch_request()
  File "/Users/kapo/PycharmProjects/eduplanner/venv/lib/python3.10/site-packages/flask/app.py", line 1799, in dispatch_request
    return self.ensure_sync(self.view_functions[rule.endpoint])(**view_args)
  File "/Users/kapo/PycharmProjects/eduplanner/venv/lib/python3.10/site-packages/flask_login/utils.py", line 285, in decorated_view
    return current_app.login_manager.unauthorized()
  File "/Users/kapo/PycharmProjects/eduplanner/venv/lib/python3.10/site-packages/flask_login/login_manager.py", line 170, in unauthorized
    return self.unauthorized_callback()
  File "/Users/kapo/PycharmProjects/eduplanner/app/base/routes.py", line 70, in unauthorized_handler
    return render_template('page-403.html', error="Access Forbidden - Please authenticate using Login page", segment='error'), 403
  File "/Users/kapo/PycharmProjects/eduplanner/venv/lib/python3.10/site-packages/flask/templating.py", line 146, in render_template
    template = app.jinja_env.get_or_select_template(template_name_or_list)
  File "/Users/kapo/PycharmProjects/eduplanner/venv/lib/python3.10/site-packages/jinja2/environment.py", line 1081, in get_or_select_template
    return self.get_template(template_name_or_list, parent, globals)
  File "/Users/kapo/PycharmProjects/eduplanner/venv/lib/python3.10/site-packages/jinja2/environment.py", line 1010, in get_template
    return self._load_template(name, globals)
  File "/Users/kapo/PycharmProjects/eduplanner/venv/lib/python3.10/site-packages/jinja2/environment.py", line 969, in _load_template
    template = self.loader.load(self, name, self.make_globals(globals))
  File "/Users/kapo/PycharmProjects/eduplanner/venv/lib/python3.10/site-packages/jinja2/loaders.py", line 126, in load
    source, filename, uptodate = self.get_source(environment, name)
  File "/Users/kapo/PycharmProjects/eduplanner/venv/lib/python3.10/site-packages/flask/templating.py", line 62, in get_source
    return self._get_source_fast(environment, template)
  File "/Users/kapo/PycharmProjects/eduplanner/venv/lib/python3.10/site-packages/flask/templating.py", line 98, in _get_source_fast
    raise TemplateNotFound(template)
jinja2.exceptions.TemplateNotFound: page-403.html
2023-06-11 13:44:55,447 INFO werkzeug Thread-7 (process_request_thread) : 127.0.0.1 - - [11/Jun/2023 13:44:55] "[35m[1mGET /favicon.ico HTTP/1.1[0m" 500 -
2023-06-11 13:44:55,448 ERROR werkzeug Thread-7 (process_request_thread) : Error on request:
Traceback (most recent call last):
  File "/Users/kapo/PycharmProjects/eduplanner/venv/lib/python3.10/site-packages/flask/app.py", line 2529, in wsgi_app
    response = self.full_dispatch_request()
  File "/Users/kapo/PycharmProjects/eduplanner/venv/lib/python3.10/site-packages/flask/app.py", line 1825, in full_dispatch_request
    rv = self.handle_user_exception(e)
  File "/Users/kapo/PycharmProjects/eduplanner/venv/lib/python3.10/site-packages/flask/app.py", line 1823, in full_dispatch_request
    rv = self.dispatch_request()
  File "/Users/kapo/PycharmProjects/eduplanner/venv/lib/python3.10/site-packages/flask/app.py", line 1799, in dispatch_request
    return self.ensure_sync(self.view_functions[rule.endpoint])(**view_args)
  File "/Users/kapo/PycharmProjects/eduplanner/venv/lib/python3.10/site-packages/flask_login/utils.py", line 285, in decorated_view
    return current_app.login_manager.unauthorized()
  File "/Users/kapo/PycharmProjects/eduplanner/venv/lib/python3.10/site-packages/flask_login/login_manager.py", line 170, in unauthorized
    return self.unauthorized_callback()
  File "/Users/kapo/PycharmProjects/eduplanner/app/base/routes.py", line 70, in unauthorized_handler
    return render_template('page-403.html', error="Access Forbidden - Please authenticate using Login page", segment='error'), 403
  File "/Users/kapo/PycharmProjects/eduplanner/venv/lib/python3.10/site-packages/flask/templating.py", line 146, in render_template
    template = app.jinja_env.get_or_select_template(template_name_or_list)
  File "/Users/kapo/PycharmProjects/eduplanner/venv/lib/python3.10/site-packages/jinja2/environment.py", line 1081, in get_or_select_template
    return self.get_template(template_name_or_list, parent, globals)
  File "/Users/kapo/PycharmProjects/eduplanner/venv/lib/python3.10/site-packages/jinja2/environment.py", line 1010, in get_template
    return self._load_template(name, globals)
  File "/Users/kapo/PycharmProjects/eduplanner/venv/lib/python3.10/site-packages/jinja2/environment.py", line 969, in _load_template
    template = self.loader.load(self, name, self.make_globals(globals))
  File "/Users/kapo/PycharmProjects/eduplanner/venv/lib/python3.10/site-packages/jinja2/loaders.py", line 126, in load
    source, filename, uptodate = self.get_source(environment, name)
  File "/Users/kapo/PycharmProjects/eduplanner/venv/lib/python3.10/site-packages/flask/templating.py", line 62, in get_source
    return self._get_source_fast(environment, template)
  File "/Users/kapo/PycharmProjects/eduplanner/venv/lib/python3.10/site-packages/flask/templating.py", line 98, in _get_source_fast
    raise TemplateNotFound(template)
jinja2.exceptions.TemplateNotFound: page-403.html

During handling of the above exception, another exception occurred:

Traceback (most recent call last):
  File "/Users/kapo/PycharmProjects/eduplanner/venv/lib/python3.10/site-packages/werkzeug/serving.py", line 364, in run_wsgi
    execute(self.server.app)
  File "/Users/kapo/PycharmProjects/eduplanner/venv/lib/python3.10/site-packages/werkzeug/serving.py", line 325, in execute
    application_iter = app(environ, start_response)
  File "/Users/kapo/PycharmProjects/eduplanner/venv/lib/python3.10/site-packages/flask/app.py", line 2552, in __call__
    return self.wsgi_app(environ, start_response)
  File "/Users/kapo/PycharmProjects/eduplanner/venv/lib/python3.10/site-packages/flask/app.py", line 2532, in wsgi_app
    response = self.handle_exception(e)
  File "/Users/kapo/PycharmProjects/eduplanner/venv/lib/python3.10/site-packages/flask/app.py", line 1727, in handle_exception
    server_error = self.ensure_sync(handler)(server_error)
  File "/Users/kapo/PycharmProjects/eduplanner/app/base/routes.py", line 83, in internal_error
    return render_template(('page-500.html'), error=error, traceback=tb, segment='error'), 500
  File "/Users/kapo/PycharmProjects/eduplanner/venv/lib/python3.10/site-packages/flask/templating.py", line 146, in render_template
    template = app.jinja_env.get_or_select_template(template_name_or_list)
  File "/Users/kapo/PycharmProjects/eduplanner/venv/lib/python3.10/site-packages/jinja2/environment.py", line 1081, in get_or_select_template
    return self.get_template(template_name_or_list, parent, globals)
  File "/Users/kapo/PycharmProjects/eduplanner/venv/lib/python3.10/site-packages/jinja2/environment.py", line 1010, in get_template
    return self._load_template(name, globals)
  File "/Users/kapo/PycharmProjects/eduplanner/venv/lib/python3.10/site-packages/jinja2/environment.py", line 969, in _load_template
    template = self.loader.load(self, name, self.make_globals(globals))
  File "/Users/kapo/PycharmProjects/eduplanner/venv/lib/python3.10/site-packages/jinja2/loaders.py", line 126, in load
    source, filename, uptodate = self.get_source(environment, name)
  File "/Users/kapo/PycharmProjects/eduplanner/venv/lib/python3.10/site-packages/flask/templating.py", line 62, in get_source
    return self._get_source_fast(environment, template)
  File "/Users/kapo/PycharmProjects/eduplanner/venv/lib/python3.10/site-packages/flask/templating.py", line 98, in _get_source_fast
    raise TemplateNotFound(template)
jinja2.exceptions.TemplateNotFound: page-500.html
2023-06-11 13:45:58,740 INFO app MainThread : DEBUG       = True
2023-06-11 13:45:58,740 INFO app MainThread : Environment = Debug
2023-06-11 13:45:58,740 INFO app MainThread : DBMS        = sqlite:////Users/kapo/PycharmProjects/eduplanner/app/db.sqlite3?check_same_thread=False
2023-06-11 13:45:58,748 INFO werkzeug MainThread : [31m[1mWARNING: This is a development server. Do not use it in a production deployment. Use a production WSGI server instead.[0m
 * Running on http://127.0.0.1:5000
2023-06-11 13:45:58,748 INFO werkzeug MainThread : [33mPress CTRL+C to quit[0m
2023-06-11 13:45:58,750 INFO werkzeug MainThread :  * Restarting with stat
2023-06-11 13:45:58,980 INFO app MainThread : DEBUG       = True
2023-06-11 13:45:58,980 INFO app MainThread : Environment = Debug
2023-06-11 13:45:58,980 INFO app MainThread : DBMS        = sqlite:////Users/kapo/PycharmProjects/eduplanner/app/db.sqlite3?check_same_thread=False
2023-06-11 13:45:58,981 WARNING werkzeug MainThread :  * Debugger is active!
2023-06-11 13:45:58,991 INFO werkzeug MainThread :  * Debugger PIN: 808-977-508
2023-06-11 13:46:33,539 INFO app MainThread : DEBUG       = True
2023-06-11 13:46:33,539 INFO app MainThread : Environment = Debug
2023-06-11 13:46:33,539 INFO app MainThread : DBMS        = sqlite:////Users/kapo/PycharmProjects/eduplanner/app/db.sqlite3?check_same_thread=False
2023-06-11 13:46:33,544 INFO werkzeug MainThread : [31m[1mWARNING: This is a development server. Do not use it in a production deployment. Use a production WSGI server instead.[0m
 * Running on http://127.0.0.1:5000
2023-06-11 13:46:33,544 INFO werkzeug MainThread : [33mPress CTRL+C to quit[0m
2023-06-11 13:46:33,546 INFO werkzeug MainThread :  * Restarting with stat
2023-06-11 13:46:36,085 INFO app MainThread : DEBUG       = True
2023-06-11 13:46:36,085 INFO app MainThread : Environment = Debug
2023-06-11 13:46:36,085 INFO app MainThread : DBMS        = sqlite:////Users/kapo/PycharmProjects/eduplanner/app/db.sqlite3?check_same_thread=False
2023-06-11 13:46:36,087 WARNING werkzeug MainThread :  * Debugger is active!
2023-06-11 13:46:36,094 INFO werkzeug MainThread :  * Debugger PIN: 808-977-508
2023-06-11 13:46:58,956 INFO werkzeug MainThread :  * Detected change in '/Users/kapo/PycharmProjects/eduplanner/app/base/routes.py', reloading
2023-06-11 13:46:59,077 INFO werkzeug MainThread :  * Restarting with stat
2023-06-11 13:47:02,464 INFO app MainThread : DEBUG       = True
2023-06-11 13:47:02,464 INFO app MainThread : Environment = Debug
2023-06-11 13:47:02,464 INFO app MainThread : DBMS        = sqlite:////Users/kapo/PycharmProjects/eduplanner/app/db.sqlite3?check_same_thread=False
2023-06-11 13:47:02,467 WARNING werkzeug MainThread :  * Debugger is active!
2023-06-11 13:47:02,475 INFO werkzeug MainThread :  * Debugger PIN: 808-977-508
2023-06-11 13:47:07,388 INFO werkzeug Thread-6 (process_request_thread) : 127.0.0.1 - - [11/Jun/2023 13:47:07] "[35m[1mGET /index HTTP/1.1[0m" 500 -
2023-06-11 13:47:07,422 INFO werkzeug Thread-7 (process_request_thread) : 127.0.0.1 - - [11/Jun/2023 13:47:07] "GET /index?__debugger__=yes&cmd=resource&f=style.css HTTP/1.1" 200 -
2023-06-11 13:47:07,424 INFO werkzeug Thread-8 (process_request_thread) : 127.0.0.1 - - [11/Jun/2023 13:47:07] "GET /index?__debugger__=yes&cmd=resource&f=debugger.js HTTP/1.1" 200 -
2023-06-11 13:47:07,439 INFO werkzeug Thread-9 (process_request_thread) : 127.0.0.1 - - [11/Jun/2023 13:47:07] "GET /index?__debugger__=yes&cmd=resource&f=console.png HTTP/1.1" 200 -
2023-06-11 13:47:07,465 INFO werkzeug Thread-10 (process_request_thread) : 127.0.0.1 - - [11/Jun/2023 13:47:07] "[36mGET /index?__debugger__=yes&cmd=resource&f=console.png HTTP/1.1[0m" 304 -
2023-06-11 13:47:41,902 INFO werkzeug MainThread :  * Detected change in '/Users/kapo/PycharmProjects/eduplanner/app/base/routes.py', reloading
2023-06-11 13:47:42,092 INFO werkzeug MainThread :  * Restarting with stat
2023-06-11 13:47:45,489 INFO app MainThread : DEBUG       = True
2023-06-11 13:47:45,489 INFO app MainThread : Environment = Debug
2023-06-11 13:47:45,489 INFO app MainThread : DBMS        = sqlite:////Users/kapo/PycharmProjects/eduplanner/app/db.sqlite3?check_same_thread=False
2023-06-11 13:47:45,492 WARNING werkzeug MainThread :  * Debugger is active!
2023-06-11 13:47:45,498 INFO werkzeug MainThread :  * Debugger PIN: 808-977-508
2023-06-11 13:49:28,683 INFO werkzeug Thread-6 (process_request_thread) : 127.0.0.1 - - [11/Jun/2023 13:49:28] "[35m[1mGET /index HTTP/1.1[0m" 500 -
2023-06-11 13:49:28,718 INFO werkzeug Thread-7 (process_request_thread) : 127.0.0.1 - - [11/Jun/2023 13:49:28] "[36mGET /index?__debugger__=yes&cmd=resource&f=style.css HTTP/1.1[0m" 304 -
2023-06-11 13:49:28,724 INFO werkzeug Thread-8 (process_request_thread) : 127.0.0.1 - - [11/Jun/2023 13:49:28] "[36mGET /index?__debugger__=yes&cmd=resource&f=debugger.js HTTP/1.1[0m" 304 -
2023-06-11 13:49:28,736 INFO werkzeug Thread-9 (process_request_thread) : 127.0.0.1 - - [11/Jun/2023 13:49:28] "[36mGET /index?__debugger__=yes&cmd=resource&f=console.png HTTP/1.1[0m" 304 -
2023-06-11 13:49:28,747 INFO werkzeug Thread-10 (process_request_thread) : 127.0.0.1 - - [11/Jun/2023 13:49:28] "[36mGET /index?__debugger__=yes&cmd=resource&f=console.png HTTP/1.1[0m" 304 -
2023-06-11 13:50:21,742 INFO werkzeug Thread-11 (process_request_thread) : 127.0.0.1 - - [11/Jun/2023 13:50:21] "[35m[1mGET /index HTTP/1.1[0m" 500 -
2023-06-11 13:50:21,763 INFO werkzeug Thread-12 (process_request_thread) : 127.0.0.1 - - [11/Jun/2023 13:50:21] "[36mGET /index?__debugger__=yes&cmd=resource&f=style.css HTTP/1.1[0m" 304 -
2023-06-11 13:50:21,766 INFO werkzeug Thread-13 (process_request_thread) : 127.0.0.1 - - [11/Jun/2023 13:50:21] "[36mGET /index?__debugger__=yes&cmd=resource&f=debugger.js HTTP/1.1[0m" 304 -
2023-06-11 13:50:21,785 INFO werkzeug Thread-14 (process_request_thread) : 127.0.0.1 - - [11/Jun/2023 13:50:21] "[36mGET /index?__debugger__=yes&cmd=resource&f=console.png HTTP/1.1[0m" 304 -
2023-06-11 13:50:21,808 INFO werkzeug Thread-15 (process_request_thread) : 127.0.0.1 - - [11/Jun/2023 13:50:21] "[36mGET /index?__debugger__=yes&cmd=resource&f=console.png HTTP/1.1[0m" 304 -
2023-06-11 13:59:43,914 INFO werkzeug Thread-16 (process_request_thread) : 127.0.0.1 - - [11/Jun/2023 13:59:43] "[31m[1mGET /index HTTP/1.1[0m" 403 -
2023-06-11 13:59:43,976 INFO werkzeug Thread-17 (process_request_thread) : 127.0.0.1 - - [11/Jun/2023 13:59:43] "[31m[1mGET /favicon.ico HTTP/1.1[0m" 403 -
2023-06-11 14:00:39,003 INFO werkzeug Thread-18 (process_request_thread) : 127.0.0.1 - - [11/Jun/2023 14:00:39] "[31m[1mGET /index HTTP/1.1[0m" 403 -
2023-06-11 14:00:39,036 INFO werkzeug Thread-19 (process_request_thread) : 127.0.0.1 - - [11/Jun/2023 14:00:39] "[31m[1mGET /favicon.ico HTTP/1.1[0m" 403 -
2023-06-11 14:01:44,541 INFO werkzeug Thread-20 (process_request_thread) : 127.0.0.1 - - [11/Jun/2023 14:01:44] "[32mGET / HTTP/1.1[0m" 302 -
2023-06-11 14:01:44,552 INFO werkzeug Thread-21 (process_request_thread) : 127.0.0.1 - - [11/Jun/2023 14:01:44] "GET /login HTTP/1.1" 200 -
2023-06-11 14:01:44,581 INFO werkzeug Thread-22 (process_request_thread) : 127.0.0.1 - - [11/Jun/2023 14:01:44] "[31m[1mGET /favicon.ico HTTP/1.1[0m" 403 -
2023-06-11 14:01:58,371 INFO werkzeug Thread-23 (process_request_thread) : 127.0.0.1 - - [11/Jun/2023 14:01:58] "GET /login HTTP/1.1" 200 -
2023-06-11 14:01:58,394 INFO werkzeug Thread-24 (process_request_thread) : 127.0.0.1 - - [11/Jun/2023 14:01:58] "[31m[1mGET /favicon.ico HTTP/1.1[0m" 403 -
2023-06-11 14:04:42,703 INFO werkzeug Thread-25 (process_request_thread) : 127.0.0.1 - - [11/Jun/2023 14:04:42] "GET /login HTTP/1.1" 200 -
2023-06-11 14:04:42,741 INFO werkzeug Thread-26 (process_request_thread) : 127.0.0.1 - - [11/Jun/2023 14:04:42] "GET /static/css/main.css HTTP/1.1" 200 -
2023-06-11 14:04:42,741 INFO werkzeug Thread-27 (process_request_thread) : 127.0.0.1 - - [11/Jun/2023 14:04:42] "GET /static/js/extention/choices.js HTTP/1.1" 200 -
2023-06-11 14:04:43,211 INFO werkzeug Thread-28 (process_request_thread) : 127.0.0.1 - - [11/Jun/2023 14:04:43] "[31m[1mGET /favicon.ico HTTP/1.1[0m" 403 -
2023-06-11 14:10:01,236 INFO werkzeug Thread-29 (process_request_thread) : 127.0.0.1 - - [11/Jun/2023 14:10:01] "GET /login HTTP/1.1" 200 -
2023-06-11 14:10:01,273 INFO werkzeug Thread-30 (process_request_thread) : 127.0.0.1 - - [11/Jun/2023 14:10:01] "[31m[1mGET /favicon.ico HTTP/1.1[0m" 403 -
2023-06-11 14:10:56,542 INFO werkzeug Thread-31 (process_request_thread) : 127.0.0.1 - - [11/Jun/2023 14:10:56] "GET /login HTTP/1.1" 200 -
2023-06-11 14:10:56,572 INFO werkzeug Thread-32 (process_request_thread) : 127.0.0.1 - - [11/Jun/2023 14:10:56] "[36mGET /static/css/main.css HTTP/1.1[0m" 304 -
2023-06-11 14:10:56,575 INFO werkzeug Thread-33 (process_request_thread) : 127.0.0.1 - - [11/Jun/2023 14:10:56] "[36mGET /static/js/extention/choices.js HTTP/1.1[0m" 304 -
2023-06-11 14:10:56,597 INFO werkzeug Thread-34 (process_request_thread) : 127.0.0.1 - - [11/Jun/2023 14:10:56] "[31m[1mGET /favicon.ico HTTP/1.1[0m" 403 -
2023-06-11 14:12:40,297 INFO werkzeug Thread-35 (process_request_thread) : 127.0.0.1 - - [11/Jun/2023 14:12:40] "GET /login HTTP/1.1" 200 -
2023-06-11 14:12:40,344 INFO werkzeug Thread-37 (process_request_thread) : 127.0.0.1 - - [11/Jun/2023 14:12:40] "[36mGET /static/js/extention/choices.js HTTP/1.1[0m" 304 -
2023-06-11 14:12:40,345 INFO werkzeug Thread-36 (process_request_thread) : 127.0.0.1 - - [11/Jun/2023 14:12:40] "[36mGET /static/css/main.css HTTP/1.1[0m" 304 -
2023-06-11 14:12:40,364 INFO werkzeug Thread-38 (process_request_thread) : 127.0.0.1 - - [11/Jun/2023 14:12:40] "[31m[1mGET /favicon.ico HTTP/1.1[0m" 403 -
2023-06-11 14:13:07,631 INFO werkzeug Thread-39 (process_request_thread) : 127.0.0.1 - - [11/Jun/2023 14:13:07] "GET /login HTTP/1.1" 200 -
2023-06-11 14:13:07,661 INFO werkzeug Thread-40 (process_request_thread) : 127.0.0.1 - - [11/Jun/2023 14:13:07] "[36mGET /static/css/main.css HTTP/1.1[0m" 304 -
2023-06-11 14:13:07,662 INFO werkzeug Thread-41 (process_request_thread) : 127.0.0.1 - - [11/Jun/2023 14:13:07] "[36mGET /static/js/extention/choices.js HTTP/1.1[0m" 304 -
2023-06-11 14:13:07,677 INFO werkzeug Thread-42 (process_request_thread) : 127.0.0.1 - - [11/Jun/2023 14:13:07] "[31m[1mGET /favicon.ico HTTP/1.1[0m" 403 -
2023-06-11 14:13:39,566 INFO werkzeug Thread-43 (process_request_thread) : 127.0.0.1 - - [11/Jun/2023 14:13:39] "GET /login HTTP/1.1" 200 -
2023-06-11 14:13:39,593 INFO werkzeug Thread-44 (process_request_thread) : 127.0.0.1 - - [11/Jun/2023 14:13:39] "[36mGET /static/css/main.css HTTP/1.1[0m" 304 -
2023-06-11 14:13:39,598 INFO werkzeug Thread-45 (process_request_thread) : 127.0.0.1 - - [11/Jun/2023 14:13:39] "[36mGET /static/js/extention/choices.js HTTP/1.1[0m" 304 -
2023-06-11 14:13:39,616 INFO werkzeug Thread-46 (process_request_thread) : 127.0.0.1 - - [11/Jun/2023 14:13:39] "[31m[1mGET /favicon.ico HTTP/1.1[0m" 403 -
2023-06-11 14:14:11,434 INFO werkzeug Thread-47 (process_request_thread) : 127.0.0.1 - - [11/Jun/2023 14:14:11] "GET /login HTTP/1.1" 200 -
2023-06-11 14:14:11,466 INFO werkzeug Thread-48 (process_request_thread) : 127.0.0.1 - - [11/Jun/2023 14:14:11] "[36mGET /static/css/main.css HTTP/1.1[0m" 304 -
2023-06-11 14:14:11,467 INFO werkzeug Thread-49 (process_request_thread) : 127.0.0.1 - - [11/Jun/2023 14:14:11] "[36mGET /static/js/extention/choices.js HTTP/1.1[0m" 304 -
2023-06-11 14:14:11,483 INFO werkzeug Thread-50 (process_request_thread) : 127.0.0.1 - - [11/Jun/2023 14:14:11] "[31m[1mGET /favicon.ico HTTP/1.1[0m" 403 -
2023-06-11 14:14:13,591 INFO werkzeug Thread-51 (process_request_thread) : 127.0.0.1 - - [11/Jun/2023 14:14:13] "GET /login HTTP/1.1" 200 -
2023-06-11 14:14:13,615 INFO werkzeug Thread-52 (process_request_thread) : 127.0.0.1 - - [11/Jun/2023 14:14:13] "[36mGET /static/css/main.css HTTP/1.1[0m" 304 -
2023-06-11 14:14:13,617 INFO werkzeug Thread-53 (process_request_thread) : 127.0.0.1 - - [11/Jun/2023 14:14:13] "[36mGET /static/js/extention/choices.js HTTP/1.1[0m" 304 -
2023-06-11 14:14:13,635 INFO werkzeug Thread-54 (process_request_thread) : 127.0.0.1 - - [11/Jun/2023 14:14:13] "[31m[1mGET /favicon.ico HTTP/1.1[0m" 403 -
2023-06-11 14:14:28,490 INFO werkzeug Thread-55 (process_request_thread) : 127.0.0.1 - - [11/Jun/2023 14:14:28] "GET /login HTTP/1.1" 200 -
2023-06-11 14:14:28,519 INFO werkzeug Thread-56 (process_request_thread) : 127.0.0.1 - - [11/Jun/2023 14:14:28] "[36mGET /static/css/main.css HTTP/1.1[0m" 304 -
2023-06-11 14:14:28,521 INFO werkzeug Thread-57 (process_request_thread) : 127.0.0.1 - - [11/Jun/2023 14:14:28] "[36mGET /static/js/extention/choices.js HTTP/1.1[0m" 304 -
2023-06-11 14:14:28,542 INFO werkzeug Thread-58 (process_request_thread) : 127.0.0.1 - - [11/Jun/2023 14:14:28] "[31m[1mGET /favicon.ico HTTP/1.1[0m" 403 -
2023-06-11 14:14:43,919 INFO werkzeug Thread-59 (process_request_thread) : 127.0.0.1 - - [11/Jun/2023 14:14:43] "GET /login HTTP/1.1" 200 -
2023-06-11 14:14:43,956 INFO werkzeug Thread-61 (process_request_thread) : 127.0.0.1 - - [11/Jun/2023 14:14:43] "[36mGET /static/js/extention/choices.js HTTP/1.1[0m" 304 -
2023-06-11 14:14:43,957 INFO werkzeug Thread-60 (process_request_thread) : 127.0.0.1 - - [11/Jun/2023 14:14:43] "[36mGET /static/css/main.css HTTP/1.1[0m" 304 -
2023-06-11 14:14:43,979 INFO werkzeug Thread-62 (process_request_thread) : 127.0.0.1 - - [11/Jun/2023 14:14:43] "[31m[1mGET /favicon.ico HTTP/1.1[0m" 403 -
2023-06-11 14:18:50,472 INFO werkzeug Thread-63 (process_request_thread) : 127.0.0.1 - - [11/Jun/2023 14:18:50] "GET /login HTTP/1.1" 200 -
2023-06-11 14:18:50,507 INFO werkzeug Thread-64 (process_request_thread) : 127.0.0.1 - - [11/Jun/2023 14:18:50] "GET /static/css/main.css HTTP/1.1" 200 -
2023-06-11 14:18:50,519 INFO werkzeug Thread-65 (process_request_thread) : 127.0.0.1 - - [11/Jun/2023 14:18:50] "[33mGET /static/css/bourbon HTTP/1.1[0m" 404 -
2023-06-11 14:18:50,536 INFO werkzeug Thread-66 (process_request_thread) : 127.0.0.1 - - [11/Jun/2023 14:18:50] "[31m[1mGET /favicon.ico HTTP/1.1[0m" 403 -
2023-06-11 14:23:47,906 INFO werkzeug Thread-67 (process_request_thread) : 127.0.0.1 - - [11/Jun/2023 14:23:47] "GET /login HTTP/1.1" 200 -
2023-06-11 14:23:47,940 INFO werkzeug Thread-68 (process_request_thread) : 127.0.0.1 - - [11/Jun/2023 14:23:47] "[31m[1mGET /your-image-url-here.jpg HTTP/1.1[0m" 403 -
2023-06-11 14:23:48,302 INFO werkzeug Thread-69 (process_request_thread) : 127.0.0.1 - - [11/Jun/2023 14:23:48] "[31m[1mGET /favicon.ico HTTP/1.1[0m" 403 -
2023-06-11 14:24:31,407 INFO werkzeug Thread-70 (process_request_thread) : 127.0.0.1 - - [11/Jun/2023 14:24:31] "GET /login HTTP/1.1" 200 -
2023-06-11 14:24:31,437 INFO werkzeug Thread-71 (process_request_thread) : 127.0.0.1 - - [11/Jun/2023 14:24:31] "GET /static/css/main.css HTTP/1.1" 200 -
2023-06-11 14:24:31,472 INFO werkzeug Thread-72 (process_request_thread) : 127.0.0.1 - - [11/Jun/2023 14:24:31] "[31m[1mGET /favicon.ico HTTP/1.1[0m" 403 -
2023-06-11 14:25:10,825 INFO werkzeug Thread-73 (process_request_thread) : 127.0.0.1 - - [11/Jun/2023 14:25:10] "GET /login HTTP/1.1" 200 -
2023-06-11 14:25:10,858 INFO werkzeug Thread-74 (process_request_thread) : 127.0.0.1 - - [11/Jun/2023 14:25:10] "[36mGET /static/css/main.css HTTP/1.1[0m" 304 -
2023-06-11 14:25:10,866 INFO werkzeug Thread-75 (process_request_thread) : 127.0.0.1 - - [11/Jun/2023 14:25:10] "[31m[1mGET /your-image-url-here.jpg HTTP/1.1[0m" 403 -
2023-06-11 14:25:10,880 INFO werkzeug Thread-76 (process_request_thread) : 127.0.0.1 - - [11/Jun/2023 14:25:10] "[31m[1mGET /favicon.ico HTTP/1.1[0m" 403 -
2023-06-11 14:26:34,236 INFO werkzeug Thread-77 (process_request_thread) : 127.0.0.1 - - [11/Jun/2023 14:26:34] "GET /login HTTP/1.1" 200 -
2023-06-11 14:26:34,276 INFO werkzeug Thread-78 (process_request_thread) : 127.0.0.1 - - [11/Jun/2023 14:26:34] "[36mGET /static/css/main.css HTTP/1.1[0m" 304 -
2023-06-11 14:26:34,279 INFO werkzeug Thread-79 (process_request_thread) : 127.0.0.1 - - [11/Jun/2023 14:26:34] "[31m[1mGET /your-image-url-here.jpg HTTP/1.1[0m" 403 -
2023-06-11 14:26:34,298 INFO werkzeug Thread-80 (process_request_thread) : 127.0.0.1 - - [11/Jun/2023 14:26:34] "[31m[1mGET /favicon.ico HTTP/1.1[0m" 403 -
2023-06-11 14:27:05,392 INFO werkzeug Thread-81 (process_request_thread) : 127.0.0.1 - - [11/Jun/2023 14:27:05] "GET /login HTTP/1.1" 200 -
2023-06-11 14:27:05,427 INFO werkzeug Thread-82 (process_request_thread) : 127.0.0.1 - - [11/Jun/2023 14:27:05] "[36mGET /static/css/main.css HTTP/1.1[0m" 304 -
2023-06-11 14:27:05,432 INFO werkzeug Thread-83 (process_request_thread) : 127.0.0.1 - - [11/Jun/2023 14:27:05] "[31m[1mGET /your-image-url-here.jpg HTTP/1.1[0m" 403 -
2023-06-11 14:27:05,450 INFO werkzeug Thread-84 (process_request_thread) : 127.0.0.1 - - [11/Jun/2023 14:27:05] "[31m[1mGET /favicon.ico HTTP/1.1[0m" 403 -
2023-06-11 14:28:38,093 INFO werkzeug Thread-85 (process_request_thread) : 127.0.0.1 - - [11/Jun/2023 14:28:38] "GET /login HTTP/1.1" 200 -
2023-06-11 14:28:38,134 INFO werkzeug Thread-86 (process_request_thread) : 127.0.0.1 - - [11/Jun/2023 14:28:38] "[36mGET /static/css/main.css HTTP/1.1[0m" 304 -
2023-06-11 14:28:38,143 INFO werkzeug Thread-87 (process_request_thread) : 127.0.0.1 - - [11/Jun/2023 14:28:38] "[31m[1mGET /your-image-url-here.jpg HTTP/1.1[0m" 403 -
2023-06-11 14:28:38,157 INFO werkzeug Thread-88 (process_request_thread) : 127.0.0.1 - - [11/Jun/2023 14:28:38] "[31m[1mGET /favicon.ico HTTP/1.1[0m" 403 -
2023-06-11 14:28:47,289 INFO werkzeug Thread-89 (process_request_thread) : 127.0.0.1 - - [11/Jun/2023 14:28:47] "[31m[1mGET /favicon.ico HTTP/1.1[0m" 403 -
2023-06-11 14:30:38,945 INFO werkzeug MainThread :  * Detected change in '/Users/kapo/PycharmProjects/eduplanner/app/authentication/routes.py', reloading
2023-06-11 14:30:39,046 INFO werkzeug MainThread :  * Restarting with stat
2023-06-11 14:30:42,042 INFO app MainThread : DEBUG       = True
2023-06-11 14:30:42,042 INFO app MainThread : Environment = Debug
2023-06-11 14:30:42,042 INFO app MainThread : DBMS        = sqlite:////Users/kapo/PycharmProjects/eduplanner/app/db.sqlite3?check_same_thread=False
2023-06-11 14:30:42,045 WARNING werkzeug MainThread :  * Debugger is active!
2023-06-11 14:30:42,056 INFO werkzeug MainThread :  * Debugger PIN: 808-977-508
2023-06-11 14:31:19,500 INFO werkzeug Thread-6 (process_request_thread) : 127.0.0.1 - - [11/Jun/2023 14:31:19] "[33mGET /favicon.ico HTTP/1.1[0m" 404 -
2023-06-11 14:31:22,417 INFO werkzeug Thread-7 (process_request_thread) : 127.0.0.1 - - [11/Jun/2023 14:31:22] "[32mGET / HTTP/1.1[0m" 302 -
2023-06-11 14:31:22,438 INFO werkzeug Thread-8 (process_request_thread) : 127.0.0.1 - - [11/Jun/2023 14:31:22] "GET /login HTTP/1.1" 200 -
2023-06-11 14:31:22,466 INFO werkzeug Thread-10 (process_request_thread) : 127.0.0.1 - - [11/Jun/2023 14:31:22] "[33mGET /your-image-url-here.jpg HTTP/1.1[0m" 404 -
2023-06-11 14:31:22,476 INFO werkzeug Thread-9 (process_request_thread) : 127.0.0.1 - - [11/Jun/2023 14:31:22] "[36mGET /static/css/main.css HTTP/1.1[0m" 304 -
2023-06-11 14:31:25,157 INFO werkzeug Thread-11 (process_request_thread) : 127.0.0.1 - - [11/Jun/2023 14:31:25] "POST /login HTTP/1.1" 200 -
2023-06-11 14:31:25,177 INFO werkzeug Thread-12 (process_request_thread) : 127.0.0.1 - - [11/Jun/2023 14:31:25] "[36mGET /static/css/main.css HTTP/1.1[0m" 304 -
2023-06-11 14:31:25,183 INFO werkzeug Thread-13 (process_request_thread) : 127.0.0.1 - - [11/Jun/2023 14:31:25] "[33mGET /your-image-url-here.jpg HTTP/1.1[0m" 404 -
2023-06-11 14:31:27,647 INFO werkzeug Thread-14 (process_request_thread) : 127.0.0.1 - - [11/Jun/2023 14:31:27] "POST /login HTTP/1.1" 200 -
2023-06-11 14:31:27,671 INFO werkzeug Thread-15 (process_request_thread) : 127.0.0.1 - - [11/Jun/2023 14:31:27] "[36mGET /static/css/main.css HTTP/1.1[0m" 304 -
2023-06-11 14:31:27,675 INFO werkzeug Thread-16 (process_request_thread) : 127.0.0.1 - - [11/Jun/2023 14:31:27] "[33mGET /your-image-url-here.jpg HTTP/1.1[0m" 404 -
2023-06-11 14:31:28,446 INFO werkzeug Thread-17 (process_request_thread) : 127.0.0.1 - - [11/Jun/2023 14:31:28] "POST /login HTTP/1.1" 200 -
2023-06-11 14:31:28,473 INFO werkzeug Thread-19 (process_request_thread) : 127.0.0.1 - - [11/Jun/2023 14:31:28] "[33mGET /your-image-url-here.jpg HTTP/1.1[0m" 404 -
2023-06-11 14:31:28,475 INFO werkzeug Thread-18 (process_request_thread) : 127.0.0.1 - - [11/Jun/2023 14:31:28] "[36mGET /static/css/main.css HTTP/1.1[0m" 304 -
2023-06-11 14:31:28,676 INFO werkzeug Thread-20 (process_request_thread) : 127.0.0.1 - - [11/Jun/2023 14:31:28] "POST /login HTTP/1.1" 200 -
2023-06-11 14:31:28,705 INFO werkzeug Thread-21 (process_request_thread) : 127.0.0.1 - - [11/Jun/2023 14:31:28] "[36mGET /static/css/main.css HTTP/1.1[0m" 304 -
2023-06-11 14:31:28,708 INFO werkzeug Thread-22 (process_request_thread) : 127.0.0.1 - - [11/Jun/2023 14:31:28] "[33mGET /your-image-url-here.jpg HTTP/1.1[0m" 404 -
2023-06-11 14:31:28,918 INFO werkzeug Thread-23 (process_request_thread) : 127.0.0.1 - - [11/Jun/2023 14:31:28] "POST /login HTTP/1.1" 200 -
2023-06-11 14:31:28,942 INFO werkzeug Thread-24 (process_request_thread) : 127.0.0.1 - - [11/Jun/2023 14:31:28] "[33mGET /your-image-url-here.jpg HTTP/1.1[0m" 404 -
2023-06-11 14:31:28,942 INFO werkzeug Thread-25 (process_request_thread) : 127.0.0.1 - - [11/Jun/2023 14:31:28] "[36mGET /static/css/main.css HTTP/1.1[0m" 304 -
2023-06-11 14:31:29,110 INFO werkzeug Thread-26 (process_request_thread) : 127.0.0.1 - - [11/Jun/2023 14:31:29] "POST /login HTTP/1.1" 200 -
2023-06-11 14:31:29,134 INFO werkzeug Thread-28 (process_request_thread) : 127.0.0.1 - - [11/Jun/2023 14:31:29] "[33mGET /your-image-url-here.jpg HTTP/1.1[0m" 404 -
2023-06-11 14:31:29,135 INFO werkzeug Thread-27 (process_request_thread) : 127.0.0.1 - - [11/Jun/2023 14:31:29] "[36mGET /static/css/main.css HTTP/1.1[0m" 304 -
2023-06-11 14:32:02,405 INFO werkzeug Thread-29 (process_request_thread) : 127.0.0.1 - - [11/Jun/2023 14:32:02] "POST /login HTTP/1.1" 200 -
2023-06-11 14:32:02,436 INFO werkzeug Thread-30 (process_request_thread) : 127.0.0.1 - - [11/Jun/2023 14:32:02] "[36mGET /static/css/main.css HTTP/1.1[0m" 304 -
2023-06-11 14:32:02,442 INFO werkzeug Thread-34 (process_request_thread) : 127.0.0.1 - - [11/Jun/2023 14:32:02] "[33mGET /your-image-url-here.jpg HTTP/1.1[0m" 404 -
2023-06-11 14:33:05,637 INFO werkzeug Thread-35 (process_request_thread) : 127.0.0.1 - - [11/Jun/2023 14:33:05] "POST /login HTTP/1.1" 200 -
2023-06-11 14:33:05,657 INFO werkzeug Thread-36 (process_request_thread) : 127.0.0.1 - - [11/Jun/2023 14:33:05] "[36mGET /static/css/main.css HTTP/1.1[0m" 304 -
2023-06-11 14:33:05,662 INFO werkzeug Thread-37 (process_request_thread) : 127.0.0.1 - - [11/Jun/2023 14:33:05] "[33mGET /your-image-url-here.jpg HTTP/1.1[0m" 404 -
2023-06-11 14:33:09,097 INFO werkzeug Thread-38 (process_request_thread) : 127.0.0.1 - - [11/Jun/2023 14:33:09] "[32mGET / HTTP/1.1[0m" 302 -
2023-06-11 14:33:10,895 INFO werkzeug Thread-39 (process_request_thread) : 127.0.0.1 - - [11/Jun/2023 14:33:10] "GET /login HTTP/1.1" 200 -
2023-06-11 14:33:10,921 INFO werkzeug Thread-40 (process_request_thread) : 127.0.0.1 - - [11/Jun/2023 14:33:10] "[36mGET /static/css/main.css HTTP/1.1[0m" 304 -
2023-06-11 14:33:10,925 INFO werkzeug Thread-41 (process_request_thread) : 127.0.0.1 - - [11/Jun/2023 14:33:10] "[33mGET /your-image-url-here.jpg HTTP/1.1[0m" 404 -
2023-06-11 14:33:55,556 INFO werkzeug Thread-42 (process_request_thread) : 127.0.0.1 - - [11/Jun/2023 14:33:55] "[32mPOST /login HTTP/1.1[0m" 302 -
2023-06-11 14:33:56,581 INFO werkzeug Thread-43 (process_request_thread) : 127.0.0.1 - - [11/Jun/2023 14:33:56] "GET /index HTTP/1.1" 200 -
